[2019-06-27 20:46:39] production.ERROR: Dotenv values containing spaces must be surrounded by quotes. {"exception":"[object] (Dotenv\\Exception\\InvalidFileException(code: 0): Dotenv values containing spaces must be surrounded by quotes. at /home/jp/PJtech/Sadeepa/website/vendor/vlucas/phpdotenv/src/Parser.php:120)
[stacktrace]
#0 /home/jp/PJtech/Sadeepa/website/vendor/vlucas/phpdotenv/src/Parser.php(43): Dotenv\\Parser::parseUnquotedValue('Noyon Lanka')
#1 /home/jp/PJtech/Sadeepa/website/vendor/vlucas/phpdotenv/src/Loader.php(237): Dotenv\\Parser::parseValue('Noyon Lanka')
#2 /home/jp/PJtech/Sadeepa/website/vendor/vlucas/phpdotenv/src/Loader.php(151): Dotenv\\Loader->sanitiseVariableValue('APP_NAME', 'Noyon Lanka')
#3 /home/jp/PJtech/Sadeepa/website/vendor/vlucas/phpdotenv/src/Loader.php(128): Dotenv\\Loader->processFilters('APP_NAME', 'Noyon Lanka')
#4 /home/jp/PJtech/Sadeepa/website/vendor/vlucas/phpdotenv/src/Loader.php(323): Dotenv\\Loader->normaliseEnvironmentVariable('APP_NAME=Noyon ...', NULL)
#5 /home/jp/PJtech/Sadeepa/website/vendor/vlucas/phpdotenv/src/Loader.php(89): Dotenv\\Loader->setEnvironmentVariable('APP_NAME=Noyon ...')
#6 /home/jp/PJtech/Sadeepa/website/vendor/vlucas/phpdotenv/src/Dotenv.php(114): Dotenv\\Loader->load()
#7 /home/jp/PJtech/Sadeepa/website/vendor/vlucas/phpdotenv/src/Dotenv.php(52): Dotenv\\Dotenv->loadData()
#8 /home/jp/PJtech/Sadeepa/website/vendor/laravel/framework/src/Illuminate/Foundation/Bootstrap/LoadEnvironmentVariables.php(27): Dotenv\\Dotenv->load()
#9 /home/jp/PJtech/Sadeepa/website/vendor/laravel/framework/src/Illuminate/Foundation/Application.php(213): Illuminate\\Foundation\\Bootstrap\\LoadEnvironmentVariables->bootstrap(Object(Illuminate\\Foundation\\Application))
#10 /home/jp/PJtech/Sadeepa/website/vendor/laravel/framework/src/Illuminate/Foundation/Console/Kernel.php(296): Illuminate\\Foundation\\Application->bootstrapWith(Array)
#11 /home/jp/PJtech/Sadeepa/website/vendor/laravel/framework/src/Illuminate/Foundation/Console/Kernel.php(119): Illuminate\\Foundation\\Console\\Kernel->bootstrap()
#12 /home/jp/PJtech/Sadeepa/website/artisan(35): Illuminate\\Foundation\\Console\\Kernel->handle(Object(Symfony\\Component\\Console\\Input\\ArgvInput), Object(Symfony\\Component\\Console\\Output\\ConsoleOutput))
#13 {main}
"} 
[2019-06-27 20:49:39] production.ERROR: Dotenv values containing spaces must be surrounded by quotes. {"exception":"[object] (Dotenv\\Exception\\InvalidFileException(code: 0): Dotenv values containing spaces must be surrounded by quotes. at /home/jp/PJtech/Sadeepa/website/vendor/vlucas/phpdotenv/src/Parser.php:120)
[stacktrace]
#0 /home/jp/PJtech/Sadeepa/website/vendor/vlucas/phpdotenv/src/Parser.php(43): Dotenv\\Parser::parseUnquotedValue('Noyon Lanka')
#1 /home/jp/PJtech/Sadeepa/website/vendor/vlucas/phpdotenv/src/Loader.php(237): Dotenv\\Parser::parseValue('Noyon Lanka')
#2 /home/jp/PJtech/Sadeepa/website/vendor/vlucas/phpdotenv/src/Loader.php(151): Dotenv\\Loader->sanitiseVariableValue('APP_NAME', 'Noyon Lanka')
#3 /home/jp/PJtech/Sadeepa/website/vendor/vlucas/phpdotenv/src/Loader.php(128): Dotenv\\Loader->processFilters('APP_NAME', 'Noyon Lanka')
#4 /home/jp/PJtech/Sadeepa/website/vendor/vlucas/phpdotenv/src/Loader.php(323): Dotenv\\Loader->normaliseEnvironmentVariable('APP_NAME=Noyon ...', NULL)
#5 /home/jp/PJtech/Sadeepa/website/vendor/vlucas/phpdotenv/src/Loader.php(89): Dotenv\\Loader->setEnvironmentVariable('APP_NAME=Noyon ...')
#6 /home/jp/PJtech/Sadeepa/website/vendor/vlucas/phpdotenv/src/Dotenv.php(114): Dotenv\\Loader->load()
#7 /home/jp/PJtech/Sadeepa/website/vendor/vlucas/phpdotenv/src/Dotenv.php(52): Dotenv\\Dotenv->loadData()
#8 /home/jp/PJtech/Sadeepa/website/vendor/laravel/framework/src/Illuminate/Foundation/Bootstrap/LoadEnvironmentVariables.php(27): Dotenv\\Dotenv->load()
#9 /home/jp/PJtech/Sadeepa/website/vendor/laravel/framework/src/Illuminate/Foundation/Application.php(213): Illuminate\\Foundation\\Bootstrap\\LoadEnvironmentVariables->bootstrap(Object(Illuminate\\Foundation\\Application))
#10 /home/jp/PJtech/Sadeepa/website/vendor/laravel/framework/src/Illuminate/Foundation/Console/Kernel.php(296): Illuminate\\Foundation\\Application->bootstrapWith(Array)
#11 /home/jp/PJtech/Sadeepa/website/vendor/laravel/framework/src/Illuminate/Foundation/Console/Kernel.php(119): Illuminate\\Foundation\\Console\\Kernel->bootstrap()
#12 /home/jp/PJtech/Sadeepa/website/artisan(35): Illuminate\\Foundation\\Console\\Kernel->handle(Object(Symfony\\Component\\Console\\Input\\ArgvInput), Object(Symfony\\Component\\Console\\Output\\ConsoleOutput))
#13 {main}
"} 
[2019-06-27 20:50:38] production.ERROR: Dotenv values containing spaces must be surrounded by quotes. {"exception":"[object] (Dotenv\\Exception\\InvalidFileException(code: 0): Dotenv values containing spaces must be surrounded by quotes. at /home/jp/PJtech/Sadeepa/website/vendor/vlucas/phpdotenv/src/Parser.php:120)
[stacktrace]
#0 /home/jp/PJtech/Sadeepa/website/vendor/vlucas/phpdotenv/src/Parser.php(43): Dotenv\\Parser::parseUnquotedValue('Noyon Lanka')
#1 /home/jp/PJtech/Sadeepa/website/vendor/vlucas/phpdotenv/src/Loader.php(237): Dotenv\\Parser::parseValue('Noyon Lanka')
#2 /home/jp/PJtech/Sadeepa/website/vendor/vlucas/phpdotenv/src/Loader.php(151): Dotenv\\Loader->sanitiseVariableValue('APP_NAME', 'Noyon Lanka')
#3 /home/jp/PJtech/Sadeepa/website/vendor/vlucas/phpdotenv/src/Loader.php(128): Dotenv\\Loader->processFilters('APP_NAME', 'Noyon Lanka')
#4 /home/jp/PJtech/Sadeepa/website/vendor/vlucas/phpdotenv/src/Loader.php(323): Dotenv\\Loader->normaliseEnvironmentVariable('APP_NAME=Noyon ...', NULL)
#5 /home/jp/PJtech/Sadeepa/website/vendor/vlucas/phpdotenv/src/Loader.php(89): Dotenv\\Loader->setEnvironmentVariable('APP_NAME=Noyon ...')
#6 /home/jp/PJtech/Sadeepa/website/vendor/vlucas/phpdotenv/src/Dotenv.php(114): Dotenv\\Loader->load()
#7 /home/jp/PJtech/Sadeepa/website/vendor/vlucas/phpdotenv/src/Dotenv.php(52): Dotenv\\Dotenv->loadData()
#8 /home/jp/PJtech/Sadeepa/website/vendor/laravel/framework/src/Illuminate/Foundation/Bootstrap/LoadEnvironmentVariables.php(27): Dotenv\\Dotenv->load()
#9 /home/jp/PJtech/Sadeepa/website/vendor/laravel/framework/src/Illuminate/Foundation/Application.php(213): Illuminate\\Foundation\\Bootstrap\\LoadEnvironmentVariables->bootstrap(Object(Illuminate\\Foundation\\Application))
#10 /home/jp/PJtech/Sadeepa/website/vendor/laravel/framework/src/Illuminate/Foundation/Console/Kernel.php(296): Illuminate\\Foundation\\Application->bootstrapWith(Array)
#11 /home/jp/PJtech/Sadeepa/website/vendor/laravel/framework/src/Illuminate/Foundation/Console/Kernel.php(119): Illuminate\\Foundation\\Console\\Kernel->bootstrap()
#12 /home/jp/PJtech/Sadeepa/website/artisan(35): Illuminate\\Foundation\\Console\\Kernel->handle(Object(Symfony\\Component\\Console\\Input\\ArgvInput), Object(Symfony\\Component\\Console\\Output\\ConsoleOutput))
#13 {main}
"} 
[2019-06-27 20:52:31] production.ERROR: Dotenv values containing spaces must be surrounded by quotes. {"exception":"[object] (Dotenv\\Exception\\InvalidFileException(code: 0): Dotenv values containing spaces must be surrounded by quotes. at /home/jp/PJtech/Sadeepa/website/vendor/vlucas/phpdotenv/src/Parser.php:120)
[stacktrace]
#0 /home/jp/PJtech/Sadeepa/website/vendor/vlucas/phpdotenv/src/Parser.php(43): Dotenv\\Parser::parseUnquotedValue('Noyon Lanka')
#1 /home/jp/PJtech/Sadeepa/website/vendor/vlucas/phpdotenv/src/Loader.php(237): Dotenv\\Parser::parseValue('Noyon Lanka')
#2 /home/jp/PJtech/Sadeepa/website/vendor/vlucas/phpdotenv/src/Loader.php(151): Dotenv\\Loader->sanitiseVariableValue('APP_NAME', 'Noyon Lanka')
#3 /home/jp/PJtech/Sadeepa/website/vendor/vlucas/phpdotenv/src/Loader.php(128): Dotenv\\Loader->processFilters('APP_NAME', 'Noyon Lanka')
#4 /home/jp/PJtech/Sadeepa/website/vendor/vlucas/phpdotenv/src/Loader.php(323): Dotenv\\Loader->normaliseEnvironmentVariable('APP_NAME=Noyon ...', NULL)
#5 /home/jp/PJtech/Sadeepa/website/vendor/vlucas/phpdotenv/src/Loader.php(89): Dotenv\\Loader->setEnvironmentVariable('APP_NAME=Noyon ...')
#6 /home/jp/PJtech/Sadeepa/website/vendor/vlucas/phpdotenv/src/Dotenv.php(114): Dotenv\\Loader->load()
#7 /home/jp/PJtech/Sadeepa/website/vendor/vlucas/phpdotenv/src/Dotenv.php(52): Dotenv\\Dotenv->loadData()
#8 /home/jp/PJtech/Sadeepa/website/vendor/laravel/framework/src/Illuminate/Foundation/Bootstrap/LoadEnvironmentVariables.php(27): Dotenv\\Dotenv->load()
#9 /home/jp/PJtech/Sadeepa/website/vendor/laravel/framework/src/Illuminate/Foundation/Application.php(213): Illuminate\\Foundation\\Bootstrap\\LoadEnvironmentVariables->bootstrap(Object(Illuminate\\Foundation\\Application))
#10 /home/jp/PJtech/Sadeepa/website/vendor/laravel/framework/src/Illuminate/Foundation/Console/Kernel.php(296): Illuminate\\Foundation\\Application->bootstrapWith(Array)
#11 /home/jp/PJtech/Sadeepa/website/vendor/laravel/framework/src/Illuminate/Foundation/Console/Kernel.php(119): Illuminate\\Foundation\\Console\\Kernel->bootstrap()
#12 /home/jp/PJtech/Sadeepa/website/artisan(35): Illuminate\\Foundation\\Console\\Kernel->handle(Object(Symfony\\Component\\Console\\Input\\ArgvInput), Object(Symfony\\Component\\Console\\Output\\ConsoleOutput))
#13 {main}
"} 
[2019-06-27 20:54:08] production.ERROR: Dotenv values containing spaces must be surrounded by quotes. {"exception":"[object] (Dotenv\\Exception\\InvalidFileException(code: 0): Dotenv values containing spaces must be surrounded by quotes. at /home/jp/PJtech/Sadeepa/website/vendor/vlucas/phpdotenv/src/Parser.php:120)
[stacktrace]
#0 /home/jp/PJtech/Sadeepa/website/vendor/vlucas/phpdotenv/src/Parser.php(43): Dotenv\\Parser::parseUnquotedValue('Noyon Lanka')
#1 /home/jp/PJtech/Sadeepa/website/vendor/vlucas/phpdotenv/src/Loader.php(237): Dotenv\\Parser::parseValue('Noyon Lanka')
#2 /home/jp/PJtech/Sadeepa/website/vendor/vlucas/phpdotenv/src/Loader.php(151): Dotenv\\Loader->sanitiseVariableValue('APP_NAME', 'Noyon Lanka')
#3 /home/jp/PJtech/Sadeepa/website/vendor/vlucas/phpdotenv/src/Loader.php(128): Dotenv\\Loader->processFilters('APP_NAME', 'Noyon Lanka')
#4 /home/jp/PJtech/Sadeepa/website/vendor/vlucas/phpdotenv/src/Loader.php(323): Dotenv\\Loader->normaliseEnvironmentVariable('APP_NAME=Noyon ...', NULL)
#5 /home/jp/PJtech/Sadeepa/website/vendor/vlucas/phpdotenv/src/Loader.php(89): Dotenv\\Loader->setEnvironmentVariable('APP_NAME=Noyon ...')
#6 /home/jp/PJtech/Sadeepa/website/vendor/vlucas/phpdotenv/src/Dotenv.php(114): Dotenv\\Loader->load()
#7 /home/jp/PJtech/Sadeepa/website/vendor/vlucas/phpdotenv/src/Dotenv.php(52): Dotenv\\Dotenv->loadData()
#8 /home/jp/PJtech/Sadeepa/website/vendor/laravel/framework/src/Illuminate/Foundation/Bootstrap/LoadEnvironmentVariables.php(27): Dotenv\\Dotenv->load()
#9 /home/jp/PJtech/Sadeepa/website/vendor/laravel/framework/src/Illuminate/Foundation/Application.php(213): Illuminate\\Foundation\\Bootstrap\\LoadEnvironmentVariables->bootstrap(Object(Illuminate\\Foundation\\Application))
#10 /home/jp/PJtech/Sadeepa/website/vendor/laravel/framework/src/Illuminate/Foundation/Console/Kernel.php(296): Illuminate\\Foundation\\Application->bootstrapWith(Array)
#11 /home/jp/PJtech/Sadeepa/website/vendor/laravel/framework/src/Illuminate/Foundation/Console/Kernel.php(119): Illuminate\\Foundation\\Console\\Kernel->bootstrap()
#12 /home/jp/PJtech/Sadeepa/website/artisan(35): Illuminate\\Foundation\\Console\\Kernel->handle(Object(Symfony\\Component\\Console\\Input\\ArgvInput), Object(Symfony\\Component\\Console\\Output\\ConsoleOutput))
#13 {main}
"} 
[2019-06-27 20:55:04] production.ERROR: Dotenv values containing spaces must be surrounded by quotes. {"exception":"[object] (Dotenv\\Exception\\InvalidFileException(code: 0): Dotenv values containing spaces must be surrounded by quotes. at /home/jp/PJtech/Sadeepa/website/vendor/vlucas/phpdotenv/src/Parser.php:120)
[stacktrace]
#0 /home/jp/PJtech/Sadeepa/website/vendor/vlucas/phpdotenv/src/Parser.php(43): Dotenv\\Parser::parseUnquotedValue('Noyon Lanka')
#1 /home/jp/PJtech/Sadeepa/website/vendor/vlucas/phpdotenv/src/Loader.php(237): Dotenv\\Parser::parseValue('Noyon Lanka')
#2 /home/jp/PJtech/Sadeepa/website/vendor/vlucas/phpdotenv/src/Loader.php(151): Dotenv\\Loader->sanitiseVariableValue('APP_NAME', 'Noyon Lanka')
#3 /home/jp/PJtech/Sadeepa/website/vendor/vlucas/phpdotenv/src/Loader.php(128): Dotenv\\Loader->processFilters('APP_NAME', 'Noyon Lanka')
#4 /home/jp/PJtech/Sadeepa/website/vendor/vlucas/phpdotenv/src/Loader.php(323): Dotenv\\Loader->normaliseEnvironmentVariable('APP_NAME=Noyon ...', NULL)
#5 /home/jp/PJtech/Sadeepa/website/vendor/vlucas/phpdotenv/src/Loader.php(89): Dotenv\\Loader->setEnvironmentVariable('APP_NAME=Noyon ...')
#6 /home/jp/PJtech/Sadeepa/website/vendor/vlucas/phpdotenv/src/Dotenv.php(114): Dotenv\\Loader->load()
#7 /home/jp/PJtech/Sadeepa/website/vendor/vlucas/phpdotenv/src/Dotenv.php(52): Dotenv\\Dotenv->loadData()
#8 /home/jp/PJtech/Sadeepa/website/vendor/laravel/framework/src/Illuminate/Foundation/Bootstrap/LoadEnvironmentVariables.php(27): Dotenv\\Dotenv->load()
#9 /home/jp/PJtech/Sadeepa/website/vendor/laravel/framework/src/Illuminate/Foundation/Application.php(213): Illuminate\\Foundation\\Bootstrap\\LoadEnvironmentVariables->bootstrap(Object(Illuminate\\Foundation\\Application))
#10 /home/jp/PJtech/Sadeepa/website/vendor/laravel/framework/src/Illuminate/Foundation/Console/Kernel.php(296): Illuminate\\Foundation\\Application->bootstrapWith(Array)
#11 /home/jp/PJtech/Sadeepa/website/vendor/laravel/framework/src/Illuminate/Foundation/Console/Kernel.php(119): Illuminate\\Foundation\\Console\\Kernel->bootstrap()
#12 /home/jp/PJtech/Sadeepa/website/artisan(35): Illuminate\\Foundation\\Console\\Kernel->handle(Object(Symfony\\Component\\Console\\Input\\ArgvInput), Object(Symfony\\Component\\Console\\Output\\ConsoleOutput))
#13 {main}
"} 
[2019-06-27 20:55:32] production.ERROR: Dotenv values containing spaces must be surrounded by quotes. {"exception":"[object] (Dotenv\\Exception\\InvalidFileException(code: 0): Dotenv values containing spaces must be surrounded by quotes. at /home/jp/PJtech/Sadeepa/website/vendor/vlucas/phpdotenv/src/Parser.php:120)
[stacktrace]
#0 /home/jp/PJtech/Sadeepa/website/vendor/vlucas/phpdotenv/src/Parser.php(43): Dotenv\\Parser::parseUnquotedValue('Noyon Lanka')
#1 /home/jp/PJtech/Sadeepa/website/vendor/vlucas/phpdotenv/src/Loader.php(237): Dotenv\\Parser::parseValue('Noyon Lanka')
#2 /home/jp/PJtech/Sadeepa/website/vendor/vlucas/phpdotenv/src/Loader.php(151): Dotenv\\Loader->sanitiseVariableValue('APP_NAME', 'Noyon Lanka')
#3 /home/jp/PJtech/Sadeepa/website/vendor/vlucas/phpdotenv/src/Loader.php(128): Dotenv\\Loader->processFilters('APP_NAME', 'Noyon Lanka')
#4 /home/jp/PJtech/Sadeepa/website/vendor/vlucas/phpdotenv/src/Loader.php(323): Dotenv\\Loader->normaliseEnvironmentVariable('APP_NAME=Noyon ...', NULL)
#5 /home/jp/PJtech/Sadeepa/website/vendor/vlucas/phpdotenv/src/Loader.php(89): Dotenv\\Loader->setEnvironmentVariable('APP_NAME=Noyon ...')
#6 /home/jp/PJtech/Sadeepa/website/vendor/vlucas/phpdotenv/src/Dotenv.php(114): Dotenv\\Loader->load()
#7 /home/jp/PJtech/Sadeepa/website/vendor/vlucas/phpdotenv/src/Dotenv.php(52): Dotenv\\Dotenv->loadData()
#8 /home/jp/PJtech/Sadeepa/website/vendor/laravel/framework/src/Illuminate/Foundation/Bootstrap/LoadEnvironmentVariables.php(27): Dotenv\\Dotenv->load()
#9 /home/jp/PJtech/Sadeepa/website/vendor/laravel/framework/src/Illuminate/Foundation/Application.php(213): Illuminate\\Foundation\\Bootstrap\\LoadEnvironmentVariables->bootstrap(Object(Illuminate\\Foundation\\Application))
#10 /home/jp/PJtech/Sadeepa/website/vendor/laravel/framework/src/Illuminate/Foundation/Console/Kernel.php(296): Illuminate\\Foundation\\Application->bootstrapWith(Array)
#11 /home/jp/PJtech/Sadeepa/website/vendor/laravel/framework/src/Illuminate/Foundation/Console/Kernel.php(119): Illuminate\\Foundation\\Console\\Kernel->bootstrap()
#12 /home/jp/PJtech/Sadeepa/website/artisan(35): Illuminate\\Foundation\\Console\\Kernel->handle(Object(Symfony\\Component\\Console\\Input\\ArgvInput), Object(Symfony\\Component\\Console\\Output\\ConsoleOutput))
#13 {main}
"} 
[2019-06-29 20:50:08] production.ERROR: Parse error: syntax error, unexpected ''SnappyImage'' (T_CONSTANT_ENCAPSED_STRING), expecting ']' {"exception":"[object] (Symfony\\Component\\Debug\\Exception\\FatalThrowableError(code: 0): Parse error: syntax error, unexpected ''SnappyImage'' (T_CONSTANT_ENCAPSED_STRING), expecting ']' at /home/jp/PJtech/Sadeepa/website/config/app.php:272)
[stacktrace]
#0 /home/jp/PJtech/Sadeepa/website/vendor/laravel/framework/src/Illuminate/Foundation/Bootstrap/LoadConfiguration.php(39): Illuminate\\Foundation\\Bootstrap\\LoadConfiguration->loadConfigurationFiles(Object(Illuminate\\Foundation\\Application), Object(Illuminate\\Config\\Repository))
#1 /home/jp/PJtech/Sadeepa/website/vendor/laravel/framework/src/Illuminate/Foundation/Application.php(213): Illuminate\\Foundation\\Bootstrap\\LoadConfiguration->bootstrap(Object(Illuminate\\Foundation\\Application))
#2 /home/jp/PJtech/Sadeepa/website/vendor/laravel/framework/src/Illuminate/Foundation/Console/Kernel.php(296): Illuminate\\Foundation\\Application->bootstrapWith(Array)
#3 /home/jp/PJtech/Sadeepa/website/vendor/laravel/framework/src/Illuminate/Foundation/Console/Kernel.php(119): Illuminate\\Foundation\\Console\\Kernel->bootstrap()
#4 /home/jp/PJtech/Sadeepa/website/artisan(35): Illuminate\\Foundation\\Console\\Kernel->handle(Object(Symfony\\Component\\Console\\Input\\ArgvInput), Object(Symfony\\Component\\Console\\Output\\ConsoleOutput))
#5 {main}
"} 
